/Users/chemobookche/Library/Python/3.9/lib/python/site-packages/urllib3/__init__.py:35: NotOpenSSLWarning: urllib3 v2 only supports OpenSSL 1.1.1+, currently the 'ssl' module is compiled with 'LibreSSL 2.8.3'. See: https://github.com/urllib3/urllib3/issues/3020
  warnings.warn(
Processing heltec-v3 (board: heltec_wifi_lora_32_V3; platform: 
platformio/espressif32@6.13.0; framework: arduino)
--------------------------------------------------------------------------------
/Users/chemobookche/Library/Python/3.9/lib/python/site-packages/urllib3/__init__.py:35: NotOpenSSLWarning: urllib3 v2 only supports OpenSSL 1.1.1+, currently the 'ssl' module is compiled with 'LibreSSL 2.8.3'. See: https://github.com/urllib3/urllib3/issues/3020
  warnings.warn(
Verbose mode can be enabled via `-v, --verbose` option
PROGNAME: firmware-heltec-v3-2.7.23.e214feb
ESP32_FS_IMAGE_NAME: littlefs-heltec-v3-2.7.23.e214feb
CONFIGURATION: https://docs.platformio.org/page/boards/espressif32/heltec_wifi_lora_32_V3.html
PLATFORM: Espressif 32 (6.13.0) > Heltec WiFi LoRa 32 (V3)
HARDWARE: ESP32S3 240MHz, 320KB RAM, 8MB Flash
DEBUG: Current (cmsis-dap) External (cmsis-dap, esp-bridge, esp-builtin, esp-prog, iot-bus-jtag, jlink, minimodule, olimex-arm-usb-ocd, olimex-arm-usb-ocd-h, olimex-arm-usb-tiny-h, olimex-jtag-tiny, tumpa)
PACKAGES: 
 - framework-arduinoespressif32 @ 3.20017.241212+sha.dcc1105b 
 - tool-esptoolpy @ 2.41100.0 (4.11.0) 
 - tool-mklittlefs @ 1.203.210628 (2.3) 
 - toolchain-riscv32-esp @ 8.4.0+2021r2-patch5 
 - toolchain-xtensa-esp32s3 @ 8.4.0+2021r2-patch5
LDF: Library Dependency Finder -> https://bit.ly/configure-pio-ldf
LDF Modes: Finder ~ chain, Compatibility ~ soft
[nanopb] No generation needed.
Found 99 compatible libraries
Scanning dependencies...
Dependency Graph
|-- ESP8266 and ESP32 OLED driver for SSD1306 displays @ 4.4.1
|-- OneButton @ 2.6.1
|-- arduino-fsm @ 2.2.0
|-- TinyGPSPlus @ 1.0.3
|-- ArduinoThread @ 0.0.0+20260430015511
|-- Nanopb @ 0.4.9+1
|-- ErriezCRC32 @ 1.0.1
|-- NonBlockingRTTTL @ 1.4.0
|-- TBPubSubClient @ 2.12.1
|-- NTPClient @ 3.2.1
|-- Syslog @ 2.0.0
|-- Adafruit BusIO @ 1.17.4
|-- Adafruit Unified Sensor @ 1.1.15
|-- Adafruit GFX Library @ 1.12.6
|-- Adafruit NeoPixel @ 1.15.4
|-- Adafruit SSD1306 @ 2.5.16
|-- Adafruit BMP280 Library @ 3.0.0
|-- Adafruit BMP085 Library @ 1.2.4
|-- Adafruit BME280 Library @ 2.3.0
|-- Adafruit DPS310 @ 1.1.6
|-- Adafruit SH110X @ 2.1.14
|-- Adafruit MCP9808 Library @ 2.0.2
|-- Adafruit INA260 Library @ 1.5.3
|-- Adafruit INA219 @ 1.2.3
|-- Adafruit MPU6050 @ 2.2.9
|-- Adafruit LIS3DH @ 1.3.0
|-- Adafruit AHTX0 @ 2.0.6
|-- Adafruit LSM6DS @ 4.7.4
|-- Adafruit TSL2591 Library @ 1.4.5
|-- EmotiBit MLX90632 @ 1.0.8
|-- Adafruit MLX90614 Library @ 2.1.6
|-- INA3221 @ 1.0.1
|-- QMC5883LCompass @ 1.2.3
|-- DFRobot_RTU @ 1.0.6
|-- DFRobot_RainfallSensor @ 1.0.0
|-- INA226 @ 0.6.6
|-- SparkFun MAX3010x Pulse and Proximity Sensor Library @ 1.1.2
|-- SparkFun 9DoF IMU Breakout - ICM 20948 - Arduino Library @ 1.3.2
|-- Adafruit LTR390 Library @ 1.1.2
|-- Adafruit PCT2075 @ 1.0.6
|-- DFRobot_BMM150 @ 1.0.0
|-- Adafruit TSL2561 @ 1.1.3
|-- BH1750_WE @ 1.1.10
|-- Adafruit BMP3XX Library @ 2.1.6
|-- Adafruit MAX1704X @ 1.0.3
|-- Adafruit SHTC3 Library @ 1.0.2
|-- Adafruit LPS2X @ 2.0.6
|-- Adafruit SHT31 Library @ 2.2.2
|-- Adafruit VEML7700 Library @ 2.1.6
|-- Adafruit SHT4x Library @ 1.0.5
|-- SparkFun Qwiic Scale NAU7802 Arduino Library @ 1.0.6
|-- ClosedCube OPT3001 @ 1.1.2
|-- DFRobot_LarkWeatherStation @ 1.0.0
|-- Sensirion Core @ 0.7.3
|-- Sensirion I2C SCD4x @ 1.1.0
|-- Sensirion I2C SFA3x @ 1.0.0
|-- Sensirion I2C SCD30 @ 1.0.0
|-- arduino-sht @ 1.2.6
|-- bsec2 @ 1.10.2610
|-- BME68x Sensor library @ 1.3.40408
|-- RadioLib @ 7.6.0
|-- esp32_https_server @ 1.0.0
|-- NimBLE-Arduino @ 1.4.3
|-- libpax @ 1.1.0
|-- XPowersLib @ 0.3.3
|-- Crypto @ 0.4.0
|-- ESP32 Codec2 @ 1.0.1
|-- SD @ 2.0.0
|-- SPI @ 2.0.0
|-- WiFi @ 2.0.0
|-- Wire @ 2.0.0
|-- Preferences @ 2.0.0
|-- WebServer @ 2.0.0
|-- ESPmDNS @ 2.0.0
|-- LittleFS @ 2.0.0
|-- WiFiClientSecure @ 2.0.0
|-- ESP32 Async UDP @ 2.0.0
Building in release mode
Using meshtastic platformio-custom.py, firmware version 2.7.23.e214feb on heltec-v3
Using flags:
-DAPP_VERSION=2.7.23.e214feb
-DAPP_VERSION_SHORT=2.7.23
-DAPP_ENV=heltec-v3
-DAPP_REPO=chemobook/meshtastic-pager-mode
-DBUILD_EPOCH=1777492800
-DUSERPREFS_RINGTONE_RTTTL=\"24:d=32,o=5,b=565:f6,p,f6,4p,p,f6,p,f6,2p,p,b6,p,b6,p,b6,p,b6,p,b,p,b,p,b,p,b,p,b,p,b,p,b,p,b,1p.,2p.,p\"
-DUSERPREFS_TZ_STRING=\"tzplaceholder                                         \"
Compiling .pio/build/heltec-v3/src/BluetoothCommon.cpp.o
Compiling .pio/build/heltec-v3/src/DebugConfiguration.cpp.o
Compiling .pio/build/heltec-v3/src/DisplayFormatters.cpp.o
Compiling .pio/build/heltec-v3/src/FSCommon.cpp.o
Compiling .pio/build/heltec-v3/src/Fusion/FusionAhrs.c.o
Compiling .pio/build/heltec-v3/src/Fusion/FusionCompass.c.o
Compiling .pio/build/heltec-v3/src/Fusion/FusionOffset.c.o
Compiling .pio/build/heltec-v3/src/GpioLogic.cpp.o
Compiling .pio/build/heltec-v3/src/MessageStore.cpp.o
Compiling .pio/build/heltec-v3/src/Observer.cpp.o
Compiling .pio/build/heltec-v3/src/Power.cpp.o
Compiling .pio/build/heltec-v3/src/PowerFSM.cpp.o
Compiling .pio/build/heltec-v3/src/PowerMon.cpp.o
Compiling .pio/build/heltec-v3/src/RedirectablePrint.cpp.o
Compiling .pio/build/heltec-v3/src/SPILock.cpp.o
Compiling .pio/build/heltec-v3/src/SafeFile.cpp.o
Compiling .pio/build/heltec-v3/src/SerialConsole.cpp.o
Compiling .pio/build/heltec-v3/src/airtime.cpp.o
Compiling .pio/build/heltec-v3/src/buzz/BuzzerFeedbackThread.cpp.o
Compiling .pio/build/heltec-v3/src/buzz/buzz.cpp.o
Compiling .pio/build/heltec-v3/src/concurrency/BinarySemaphoreFreeRTOS.cpp.o
Compiling .pio/build/heltec-v3/src/concurrency/BinarySemaphorePosix.cpp.o
Compiling .pio/build/heltec-v3/src/concurrency/InterruptableDelay.cpp.o
Compiling .pio/build/heltec-v3/src/concurrency/Lock.cpp.o
Compiling .pio/build/heltec-v3/src/concurrency/LockGuard.cpp.o
Compiling .pio/build/heltec-v3/src/concurrency/NotifiedWorkerThread.cpp.o
Compiling .pio/build/heltec-v3/src/concurrency/OSThread.cpp.o
Compiling .pio/build/heltec-v3/src/detect/ScanI2C.cpp.o
Compiling .pio/build/heltec-v3/src/detect/ScanI2CConsumer.cpp.o
Compiling .pio/build/heltec-v3/src/detect/ScanI2CTwoWire.cpp.o
Compiling .pio/build/heltec-v3/src/detect/reClockI2C.cpp.o
Compiling .pio/build/heltec-v3/src/gps/GPS.cpp.o
Compiling .pio/build/heltec-v3/src/gps/GPSUpdateScheduling.cpp.o
Compiling .pio/build/heltec-v3/src/gps/GeoCoord.cpp.o
Compiling .pio/build/heltec-v3/src/gps/NMEAWPL.cpp.o
Compiling .pio/build/heltec-v3/src/gps/RTC.cpp.o
Compiling .pio/build/heltec-v3/src/graphics/EInkDisplay2.cpp.o
Compiling .pio/build/heltec-v3/src/graphics/EInkDynamicDisplay.cpp.o
Compiling .pio/build/heltec-v3/src/graphics/EInkParallelDisplay.cpp.o
src/detect/ScanI2CTwoWire.cpp: In member function 'virtual void ScanI2CTwoWire::scanPort(ScanI2C::I2CPort, uint8_t*, uint8_t)':
src/detect/ScanI2CTwoWire.cpp:386:21: warning: this statement may fall through [-Wimplicit-fallthrough=]
                     if (type == DPS310) {
                     ^~
src/detect/ScanI2CTwoWire.cpp:389:17: note: here
                 default:
                 ^~~~~~~
Compiling .pio/build/heltec-v3/src/graphics/EmoteRenderer.cpp.o
Compiling .pio/build/heltec-v3/src/graphics/Panel_sdl.cpp.o
Compiling .pio/build/heltec-v3/src/graphics/Screen.cpp.o
Compiling .pio/build/heltec-v3/src/graphics/ScreenGlobals.cpp.o
Compiling .pio/build/heltec-v3/src/graphics/SharedUIDisplay.cpp.o
Compiling .pio/build/heltec-v3/src/graphics/TFTColorRegions.cpp.o
Compiling .pio/build/heltec-v3/src/graphics/TFTDisplay.cpp.o
Compiling .pio/build/heltec-v3/src/graphics/TimeFormatters.cpp.o
Compiling .pio/build/heltec-v3/src/graphics/VirtualKeyboard.cpp.o
Compiling .pio/build/heltec-v3/src/graphics/draw/ClockRenderer.cpp.o
Compiling .pio/build/heltec-v3/src/graphics/draw/CompassRenderer.cpp.o
Compiling .pio/build/heltec-v3/src/graphics/draw/DebugRenderer.cpp.o
Compiling .pio/build/heltec-v3/src/graphics/draw/MenuHandler.cpp.o
src/graphics/SharedUIDisplay.cpp: In function 'void graphics::drawCommonHeader(OLEDDisplay*, int16_t, int16_t, const char*, bool, bool, bool, bool, uint16_t)':
src/graphics/SharedUIDisplay.cpp:128:24: warning: unused variable 'headerColor' [-Wunused-variable]
         const uint16_t headerColor = getThemeHeaderBg();
                        ^~~~~~~~~~~
src/graphics/SharedUIDisplay.cpp:130:24: warning: unused variable 'headerTitleColorForRole' [-Wunused-variable]
         const uint16_t headerTitleColorForRole = use_title_color_override ? title_color_override : headerTextColor;
                        ^~~~~~~~~~~~~~~~~~~~~~~
src/graphics/SharedUIDisplay.cpp:131:18: warning: unused variable 'headerStatusColor' [-Wunused-variable]
         uint16_t headerStatusColor = getThemeHeaderStatus();
                  ^~~~~~~~~~~~~~~~~
src/graphics/SharedUIDisplay.cpp:313:19: warning: unused variable 'percentWidth' [-Wunused-variable]
         const int percentWidth = display->getStringWidth("%");
                   ^~~~~~~~~~~~
src/graphics/SharedUIDisplay.cpp:115:20: warning: unused variable 'headerColorForRoles' [-Wunused-variable]
     const uint16_t headerColorForRoles = getThemeHeaderBg();
                    ^~~~~~~~~~~~~~~~~~~
src/graphics/SharedUIDisplay.cpp:229:10: warning: unused variable 'hasBatteryFillRegion' [-Wunused-variable]
     bool hasBatteryFillRegion = false;
          ^~~~~~~~~~~~~~~~~~~~
src/graphics/SharedUIDisplay.cpp:230:13: warning: unused variable 'batteryFillRegionX' [-Wunused-variable]
     int16_t batteryFillRegionX = 0;
             ^~~~~~~~~~~~~~~~~~
src/graphics/SharedUIDisplay.cpp:231:13: warning: unused variable 'batteryFillRegionY' [-Wunused-variable]
     int16_t batteryFillRegionY = 0;
             ^~~~~~~~~~~~~~~~~~
src/graphics/SharedUIDisplay.cpp:232:13: warning: unused variable 'batteryFillRegionW' [-Wunused-variable]
     int16_t batteryFillRegionW = 0;
             ^~~~~~~~~~~~~~~~~~
src/graphics/SharedUIDisplay.cpp:233:13: warning: unused variable 'batteryFillRegionH' [-Wunused-variable]
     int16_t batteryFillRegionH = 0;
             ^~~~~~~~~~~~~~~~~~
src/graphics/SharedUIDisplay.cpp: In function 'void graphics::drawCommonFooter(OLEDDisplay*, int16_t, int16_t)':
src/graphics/SharedUIDisplay.cpp:566:15: warning: unused variable 'iconW' [-Wunused-variable]
     const int iconW = connection_icon_width * scale;
               ^~~~~
src/graphics/SharedUIDisplay.cpp:567:15: warning: unused variable 'iconH' [-Wunused-variable]
     const int iconH = connection_icon_height * scale;
               ^~~~~
Compiling .pio/build/heltec-v3/src/graphics/draw/MessageRenderer.cpp.o
Compiling .pio/build/heltec-v3/src/graphics/draw/NodeListRenderer.cpp.o
Compiling .pio/build/heltec-v3/src/graphics/draw/NotificationRenderer.cpp.o
Compiling .pio/build/heltec-v3/src/graphics/draw/UIRenderer.cpp.o
Compiling .pio/build/heltec-v3/src/graphics/emotes.cpp.o
Compiling .pio/build/heltec-v3/src/graphics/fonts/EinkDisplayFonts.cpp.o
Compiling .pio/build/heltec-v3/src/graphics/fonts/OLEDDisplayFontsCS.cpp.o
Compiling .pio/build/heltec-v3/src/graphics/fonts/OLEDDisplayFontsGR.cpp.o
src/graphics/draw/DebugRenderer.cpp: In function 'void graphics::DebugRenderer::drawLoRaFocused(OLEDDisplay*, OLEDDisplayUiState*, int16_t, int16_t)':
src/graphics/draw/DebugRenderer.cpp:478:15: warning: unused variable 'raw_chutil_percent' [-Wunused-variable]
     const int raw_chutil_percent = chutil_percent;
               ^~~~~~~~~~~~~~~~~~
Compiling .pio/build/heltec-v3/src/graphics/fonts/OLEDDisplayFontsPL.cpp.o
Compiling .pio/build/heltec-v3/src/graphics/fonts/OLEDDisplayFontsRU.cpp.o
Compiling .pio/build/heltec-v3/src/graphics/fonts/OLEDDisplayFontsUA.cpp.o
Compiling .pio/build/heltec-v3/src/graphics/tftSetup.cpp.o
Compiling .pio/build/heltec-v3/src/input/BBQ10Keyboard.cpp.o
Compiling .pio/build/heltec-v3/src/input/ButtonThread.cpp.o
Compiling .pio/build/heltec-v3/src/input/CardputerKeyboard.cpp.o
Compiling .pio/build/heltec-v3/src/input/ExpressLRSFiveWay.cpp.o
src/graphics/draw/NotificationRenderer.cpp: In static member function 'static void graphics::NotificationRenderer::drawNotificationBox(OLEDDisplay*, OLEDDisplayUiState*, const char**, uint16_t, uint8_t, uint16_t)':
src/graphics/draw/NotificationRenderer.cpp:672:27: warning: unused variable 'maxBarHeight' [-Wunused-variable]
                 const int maxBarHeight = totalBars * barHeightStep;
                           ^~~~~~~~~~~~
Compiling .pio/build/heltec-v3/src/input/HackadayCommunicatorKeyboard.cpp.o
Compiling .pio/build/heltec-v3/src/input/InputBroker.cpp.o
Compiling .pio/build/heltec-v3/src/input/LinuxInput.cpp.o
Compiling .pio/build/heltec-v3/src/input/LinuxInputImpl.cpp.o
src/graphics/draw/UIRenderer.cpp: In static member function 'static void graphics::UIRenderer::drawDeviceFocused(OLEDDisplay*, OLEDDisplayUiState*, int16_t, int16_t)':
src/graphics/draw/UIRenderer.cpp:1228:15: warning: unused variable 'raw_chutil_percent' [-Wunused-variable]
     const int raw_chutil_percent = chutil_percent;
               ^~~~~~~~~~~~~~~~~~
src/graphics/draw/UIRenderer.cpp: In static member function 'static void graphics::UIRenderer::drawNavigationBar(OLEDDisplay*, OLEDDisplayUiState*)':
src/graphics/draw/UIRenderer.cpp:1949:13: warning: unused variable 'regionX' [-Wunused-variable]
         int regionX = baseX;
             ^~~~~~~
src/graphics/draw/UIRenderer.cpp:1961:13: warning: unused variable 'regionX' [-Wunused-variable]
         int regionX = baseX - maxW + 1;
             ^~~~~~~
Compiling .pio/build/heltec-v3/src/input/MPR121Keyboard.cpp.o
Compiling .pio/build/heltec-v3/src/input/RotaryEncoderImpl.cpp.o
Compiling .pio/build/heltec-v3/src/input/RotaryEncoderInterruptBase.cpp.o
src/graphics/draw/UIRenderer.cpp: At global scope:
src/graphics/draw/UIRenderer.cpp:81:14: warning: 'float graphics::getCompassRingAngleOffset(float)' defined but not used [-Wunused-function]
 static float getCompassRingAngleOffset(float heading)
              ^~~~~~~~~~~~~~~~~~~~~~~~~
Compiling .pio/build/heltec-v3/src/input/RotaryEncoderInterruptImpl1.cpp.o
Compiling .pio/build/heltec-v3/src/input/SeesawRotary.cpp.o
Compiling .pio/build/heltec-v3/src/input/SerialKeyboard.cpp.o
Compiling .pio/build/heltec-v3/src/input/SerialKeyboardImpl.cpp.o
Compiling .pio/build/heltec-v3/src/input/TCA8418Keyboard.cpp.o
Compiling .pio/build/heltec-v3/src/input/TCA8418KeyboardBase.cpp.o
Compiling .pio/build/heltec-v3/src/input/TDeckProKeyboard.cpp.o
Compiling .pio/build/heltec-v3/src/input/TLoraPagerKeyboard.cpp.o
Compiling .pio/build/heltec-v3/src/input/TouchScreenBase.cpp.o
Compiling .pio/build/heltec-v3/src/input/TouchScreenImpl1.cpp.o
Compiling .pio/build/heltec-v3/src/input/TrackballInterruptBase.cpp.o
Compiling .pio/build/heltec-v3/src/input/TrackballInterruptImpl1.cpp.o
Compiling .pio/build/heltec-v3/src/input/UpDownInterruptBase.cpp.o
Compiling .pio/build/heltec-v3/src/input/UpDownInterruptImpl1.cpp.o
Compiling .pio/build/heltec-v3/src/input/cardKbI2cImpl.cpp.o
Compiling .pio/build/heltec-v3/src/input/i2cButton.cpp.o
Compiling .pio/build/heltec-v3/src/input/kbI2cBase.cpp.o
Compiling .pio/build/heltec-v3/src/input/kbMatrixBase.cpp.o
Compiling .pio/build/heltec-v3/src/input/kbMatrixImpl.cpp.o
Compiling .pio/build/heltec-v3/src/main.cpp.o
Compiling .pio/build/heltec-v3/src/memGet.cpp.o
Compiling .pio/build/heltec-v3/src/mesh/Channels.cpp.o
Compiling .pio/build/heltec-v3/src/mesh/CryptoEngine.cpp.o
Compiling .pio/build/heltec-v3/src/mesh/Default.cpp.o
Compiling .pio/build/heltec-v3/src/mesh/FloodingRouter.cpp.o
Compiling .pio/build/heltec-v3/src/mesh/HardwareRNG.cpp.o
Compiling .pio/build/heltec-v3/src/mesh/InterfacesTemplates.cpp.o
Compiling .pio/build/heltec-v3/src/mesh/LLCC68Interface.cpp.o
Compiling .pio/build/heltec-v3/src/mesh/LR1110Interface.cpp.o
Compiling .pio/build/heltec-v3/src/mesh/LR1120Interface.cpp.o
Compiling .pio/build/heltec-v3/src/mesh/LR1121Interface.cpp.o
Compiling .pio/build/heltec-v3/src/mesh/LR11x0Interface.cpp.o
Compiling .pio/build/heltec-v3/src/mesh/LoRaFEMInterface.cpp.o
Compiling .pio/build/heltec-v3/src/mesh/MeshModule.cpp.o
Compiling .pio/build/heltec-v3/src/mesh/MeshPacketQueue.cpp.o
Compiling .pio/build/heltec-v3/src/mesh/MeshService.cpp.o
Compiling .pio/build/heltec-v3/src/mesh/NextHopRouter.cpp.o
Compiling .pio/build/heltec-v3/src/mesh/NodeDB.cpp.o
Compiling .pio/build/heltec-v3/src/mesh/PacketCache.cpp.o
Compiling .pio/build/heltec-v3/src/mesh/PacketHistory.cpp.o
Compiling .pio/build/heltec-v3/src/mesh/PhoneAPI.cpp.o
Compiling .pio/build/heltec-v3/src/mesh/ProtobufModule.cpp.o
Compiling .pio/build/heltec-v3/src/mesh/RF95Interface.cpp.o
Compiling .pio/build/heltec-v3/src/mesh/RadioInterface.cpp.o
Compiling .pio/build/heltec-v3/src/mesh/RadioLibInterface.cpp.o
Compiling .pio/build/heltec-v3/src/mesh/RadioLibRF95.cpp.o
Compiling .pio/build/heltec-v3/src/mesh/ReliableRouter.cpp.o
Compiling .pio/build/heltec-v3/src/mesh/Router.cpp.o
Compiling .pio/build/heltec-v3/src/mesh/STM32WLE5JCInterface.cpp.o
Compiling .pio/build/heltec-v3/src/mesh/SX1262Interface.cpp.o
Compiling .pio/build/heltec-v3/src/mesh/SX1268Interface.cpp.o
Compiling .pio/build/heltec-v3/src/mesh/SX126xInterface.cpp.o
Compiling .pio/build/heltec-v3/src/mesh/SX1280Interface.cpp.o
Compiling .pio/build/heltec-v3/src/mesh/SX128xInterface.cpp.o
Compiling .pio/build/heltec-v3/src/mesh/StreamAPI.cpp.o
Compiling .pio/build/heltec-v3/src/mesh/Throttle.cpp.o
Compiling .pio/build/heltec-v3/src/mesh/TransmitHistory.cpp.o
Compiling .pio/build/heltec-v3/src/mesh/TypeConversions.cpp.o
Compiling .pio/build/heltec-v3/src/mesh/aes-ccm.cpp.o
Compiling .pio/build/heltec-v3/src/mesh/api/PacketAPI.cpp.o
Compiling .pio/build/heltec-v3/src/mesh/api/ServerAPI.cpp.o
Compiling .pio/build/heltec-v3/src/mesh/api/WiFiServerAPI.cpp.o
Compiling .pio/build/heltec-v3/src/mesh/api/ethServerAPI.cpp.o
Compiling .pio/build/heltec-v3/src/mesh/compression/unishox2.cpp.o
Compiling .pio/build/heltec-v3/src/mesh/generated/meshtastic/admin.pb.cpp.o
Compiling .pio/build/heltec-v3/src/mesh/generated/meshtastic/apponly.pb.cpp.o
Compiling .pio/build/heltec-v3/src/mesh/generated/meshtastic/atak.pb.cpp.o
Compiling .pio/build/heltec-v3/src/mesh/generated/meshtastic/cannedmessages.pb.cpp.o
Compiling .pio/build/heltec-v3/src/mesh/generated/meshtastic/channel.pb.cpp.o
Compiling .pio/build/heltec-v3/src/mesh/generated/meshtastic/clientonly.pb.cpp.o
Compiling .pio/build/heltec-v3/src/mesh/generated/meshtastic/config.pb.cpp.o
src/mesh/aes-ccm.cpp: In function 'int constant_time_compare(const void*, const void*, size_t)':
src/mesh/aes-ccm.cpp:24:76: warning: type qualifiers ignored on cast result type [-Wignored-qualifiers]
     const volatile uint8_t *volatile a = (const volatile uint8_t *volatile)a_;
                                                                            ^~
src/mesh/aes-ccm.cpp:25:76: warning: type qualifiers ignored on cast result type [-Wignored-qualifiers]
     const volatile uint8_t *volatile b = (const volatile uint8_t *volatile)b_;
                                                                            ^~
Compiling .pio/build/heltec-v3/src/mesh/generated/meshtastic/connection_status.pb.cpp.o
Compiling .pio/build/heltec-v3/src/mesh/generated/meshtastic/device_ui.pb.cpp.o
Compiling .pio/build/heltec-v3/src/mesh/generated/meshtastic/deviceonly.pb.cpp.o
Compiling .pio/build/heltec-v3/src/mesh/generated/meshtastic/interdevice.pb.cpp.o
Compiling .pio/build/heltec-v3/src/mesh/generated/meshtastic/localonly.pb.cpp.o
Compiling .pio/build/heltec-v3/src/mesh/generated/meshtastic/mesh.pb.cpp.o
Compiling .pio/build/heltec-v3/src/mesh/generated/meshtastic/module_config.pb.cpp.o
Compiling .pio/build/heltec-v3/src/mesh/generated/meshtastic/mqtt.pb.cpp.o
Compiling .pio/build/heltec-v3/src/mesh/generated/meshtastic/paxcount.pb.cpp.o
Compiling .pio/build/heltec-v3/src/mesh/generated/meshtastic/portnums.pb.cpp.o
Compiling .pio/build/heltec-v3/src/mesh/generated/meshtastic/powermon.pb.cpp.o
Compiling .pio/build/heltec-v3/src/mesh/generated/meshtastic/remote_hardware.pb.cpp.o
Compiling .pio/build/heltec-v3/src/mesh/generated/meshtastic/rtttl.pb.cpp.o
Compiling .pio/build/heltec-v3/src/mesh/generated/meshtastic/storeforward.pb.cpp.o
Compiling .pio/build/heltec-v3/src/mesh/generated/meshtastic/telemetry.pb.cpp.o
Compiling .pio/build/heltec-v3/src/mesh/generated/meshtastic/xmodem.pb.cpp.o
Compiling .pio/build/heltec-v3/src/mesh/http/ContentHandler.cpp.o
Compiling .pio/build/heltec-v3/src/mesh/http/ContentHelper.cpp.o
Compiling .pio/build/heltec-v3/src/mesh/http/WebServer.cpp.o
Compiling .pio/build/heltec-v3/src/mesh/mesh-pb-constants.cpp.o
Compiling .pio/build/heltec-v3/src/mesh/wifi/WiFiAPClient.cpp.o
Compiling .pio/build/heltec-v3/src/meshUtils.cpp.o
Compiling .pio/build/heltec-v3/src/modules/AdminModule.cpp.o
Compiling .pio/build/heltec-v3/src/modules/AtakPluginModule.cpp.o
Compiling .pio/build/heltec-v3/src/modules/CannedMessageModule.cpp.o
Compiling .pio/build/heltec-v3/src/modules/DetectionSensorModule.cpp.o
In file included from .pio/libdeps/heltec-v3/esp32_https_server/src/HTTPServer.hpp:11,
                 from .pio/libdeps/heltec-v3/esp32_https_server/src/HTTPSServer.hpp:16,
                 from src/mesh/http/ContentHandler.cpp:40:
/Users/chemobookche/.platformio/packages/framework-arduinoespressif32/tools/sdk/esp32s3/include/lwip/lwip/src/include/lwip/netdb.h:75: warning: "NO_DATA" redefined
 #define NO_DATA         211
 
In file included from .pio/libdeps/heltec-v3/DFRobot_BMM150/DFRobot_BMM150.h:13,
                 from src/motion/BMM150Sensor.h:10,
                 from src/motion/AccelerometerThread.h:16,
                 from src/main.h:69,
                 from src/mesh/http/ContentHandler.cpp:6:
.pio/libdeps/heltec-v3/DFRobot_BMM150/bmm150_defs.h:430: note: this is the location of the previous definition
 #define NO_DATA                          -32768
 
In file included from .pio/libdeps/heltec-v3/esp32_https_server/src/HTTPServer.hpp:11,
                 from .pio/libdeps/heltec-v3/esp32_https_server/src/HTTPSServer.hpp:16,
                 from src/mesh/http/WebServer.cpp:45:
/Users/chemobookche/.platformio/packages/framework-arduinoespressif32/tools/sdk/esp32s3/include/lwip/lwip/src/include/lwip/netdb.h:75: warning: "NO_DATA" redefined
 #define NO_DATA         211
 
In file included from .pio/libdeps/heltec-v3/DFRobot_BMM150/DFRobot_BMM150.h:13,
                 from src/motion/BMM150Sensor.h:10,
                 from src/motion/AccelerometerThread.h:16,
                 from src/main.h:69,
                 from src/mesh/http/WebServer.cpp:5:
.pio/libdeps/heltec-v3/DFRobot_BMM150/bmm150_defs.h:430: note: this is the location of the previous definition
 #define NO_DATA                          -32768
 
Compiling .pio/build/heltec-v3/src/modules/DropzoneModule.cpp.o
Compiling .pio/build/heltec-v3/src/modules/ExternalNotificationModule.cpp.o
Compiling .pio/build/heltec-v3/src/modules/GenericThreadModule.cpp.o
Compiling .pio/build/heltec-v3/src/modules/KeyVerificationModule.cpp.o
src/modules/CannedMessageModule.cpp: In member function 'virtual void CannedMessageModule::drawFrame(OLEDDisplay*, OLEDDisplayUiState*, int16_t, int16_t)':
src/modules/CannedMessageModule.cpp:2065:17: warning: unused variable 'textYOffset' [-Wunused-variable]
             int textYOffset = (rowHeight - FONT_HEIGHT_SMALL) / 2;
                 ^~~~~~~~~~~
Compiling .pio/build/heltec-v3/src/modules/Modules.cpp.o
Compiling .pio/build/heltec-v3/src/modules/NeighborInfoModule.cpp.o
Compiling .pio/build/heltec-v3/src/modules/NodeInfoModule.cpp.o
Compiling .pio/build/heltec-v3/src/modules/OnScreenKeyboardModule.cpp.o
Compiling .pio/build/heltec-v3/src/modules/PositionModule.cpp.o
Compiling .pio/build/heltec-v3/src/modules/PowerStressModule.cpp.o
Compiling .pio/build/heltec-v3/src/modules/RangeTestModule.cpp.o
Compiling .pio/build/heltec-v3/src/modules/RemoteHardwareModule.cpp.o
Compiling .pio/build/heltec-v3/src/modules/ReplyBotModule.cpp.o
Compiling .pio/build/heltec-v3/src/modules/ReplyModule.cpp.o
Compiling .pio/build/heltec-v3/src/modules/RoutingModule.cpp.o
Compiling .pio/build/heltec-v3/src/modules/SerialModule.cpp.o
Compiling .pio/build/heltec-v3/src/modules/StatusLEDModule.cpp.o
Compiling .pio/build/heltec-v3/src/modules/StatusMessageModule.cpp.o
Compiling .pio/build/heltec-v3/src/modules/StoreForwardModule.cpp.o
Compiling .pio/build/heltec-v3/src/modules/SystemCommandsModule.cpp.o
Compiling .pio/build/heltec-v3/src/modules/Telemetry/AirQualityTelemetry.cpp.o
Compiling .pio/build/heltec-v3/src/modules/Telemetry/DeviceTelemetry.cpp.o
Compiling .pio/build/heltec-v3/src/modules/Telemetry/EnvironmentTelemetry.cpp.o
Compiling .pio/build/heltec-v3/src/modules/Telemetry/HealthTelemetry.cpp.o
Compiling .pio/build/heltec-v3/src/modules/Telemetry/HostMetrics.cpp.o
Compiling .pio/build/heltec-v3/src/modules/Telemetry/PowerTelemetry.cpp.o
Compiling .pio/build/heltec-v3/src/modules/Telemetry/Sensor/AHT10.cpp.o
Compiling .pio/build/heltec-v3/src/modules/Telemetry/Sensor/BH1750Sensor.cpp.o
Compiling .pio/build/heltec-v3/src/modules/Telemetry/Sensor/BME280Sensor.cpp.o
Compiling .pio/build/heltec-v3/src/modules/Telemetry/Sensor/BME680Sensor.cpp.o
Compiling .pio/build/heltec-v3/src/modules/Telemetry/Sensor/BMP085Sensor.cpp.o
Compiling .pio/build/heltec-v3/src/modules/Telemetry/Sensor/BMP280Sensor.cpp.o
Compiling .pio/build/heltec-v3/src/modules/Telemetry/Sensor/BMP3XXSensor.cpp.o
Compiling .pio/build/heltec-v3/src/modules/Telemetry/Sensor/CGRadSensSensor.cpp.o
Compiling .pio/build/heltec-v3/src/modules/Telemetry/Sensor/DFRobotGravitySensor.cpp.o
Compiling .pio/build/heltec-v3/src/modules/Telemetry/Sensor/DFRobotLarkSensor.cpp.o
Compiling .pio/build/heltec-v3/src/modules/Telemetry/Sensor/DPS310Sensor.cpp.o
Compiling .pio/build/heltec-v3/src/modules/Telemetry/Sensor/INA219Sensor.cpp.o
Compiling .pio/build/heltec-v3/src/modules/Telemetry/Sensor/INA226Sensor.cpp.o
Compiling .pio/build/heltec-v3/src/modules/Telemetry/Sensor/INA260Sensor.cpp.o
Compiling .pio/build/heltec-v3/src/modules/Telemetry/Sensor/INA3221Sensor.cpp.o
Compiling .pio/build/heltec-v3/src/modules/Telemetry/Sensor/IndicatorSensor.cpp.o
Compiling .pio/build/heltec-v3/src/modules/Telemetry/Sensor/LPS22HBSensor.cpp.o
Compiling .pio/build/heltec-v3/src/modules/Telemetry/Sensor/LTR390UVSensor.cpp.o
Compiling .pio/build/heltec-v3/src/modules/Telemetry/Sensor/MAX17048Sensor.cpp.o
Compiling .pio/build/heltec-v3/src/modules/Telemetry/Sensor/MAX30102Sensor.cpp.o
Compiling .pio/build/heltec-v3/src/modules/Telemetry/Sensor/MCP9808Sensor.cpp.o
Compiling .pio/build/heltec-v3/src/modules/Telemetry/Sensor/MLX90614Sensor.cpp.o
Compiling .pio/build/heltec-v3/src/modules/Telemetry/Sensor/MLX90632Sensor.cpp.o
Compiling .pio/build/heltec-v3/src/modules/Telemetry/Sensor/NAU7802Sensor.cpp.o
Compiling .pio/build/heltec-v3/src/modules/Telemetry/Sensor/OPT3001Sensor.cpp.o
Compiling .pio/build/heltec-v3/src/modules/Telemetry/Sensor/PCT2075Sensor.cpp.o
Compiling .pio/build/heltec-v3/src/modules/Telemetry/Sensor/PMSA003ISensor.cpp.o
Compiling .pio/build/heltec-v3/src/modules/Telemetry/Sensor/RAK12035Sensor.cpp.o
Compiling .pio/build/heltec-v3/src/modules/Telemetry/Sensor/RAK9154Sensor.cpp.o
Compiling .pio/build/heltec-v3/src/modules/Telemetry/Sensor/RCWL9620Sensor.cpp.o
Compiling .pio/build/heltec-v3/src/modules/Telemetry/Sensor/SCD30Sensor.cpp.o
Compiling .pio/build/heltec-v3/src/modules/Telemetry/Sensor/SCD4XSensor.cpp.o
Compiling .pio/build/heltec-v3/src/modules/Telemetry/Sensor/SEN5XSensor.cpp.o
Compiling .pio/build/heltec-v3/src/modules/Telemetry/Sensor/SFA30Sensor.cpp.o
Compiling .pio/build/heltec-v3/src/modules/Telemetry/Sensor/SHTXXSensor.cpp.o
Compiling .pio/build/heltec-v3/src/modules/Telemetry/Sensor/T1000xSensor.cpp.o
Compiling .pio/build/heltec-v3/src/modules/Telemetry/Sensor/TSL2561Sensor.cpp.o
Compiling .pio/build/heltec-v3/src/modules/Telemetry/Sensor/TSL2591Sensor.cpp.o
Compiling .pio/build/heltec-v3/src/modules/Telemetry/Sensor/TelemetrySensor.cpp.o
Compiling .pio/build/heltec-v3/src/modules/Telemetry/Sensor/VEML7700Sensor.cpp.o
Compiling .pio/build/heltec-v3/src/modules/Telemetry/Sensor/nullSensor.cpp.o
Compiling .pio/build/heltec-v3/src/modules/Telemetry/UnitConversions.cpp.o
Compiling .pio/build/heltec-v3/src/modules/TextMessageModule.cpp.o
Compiling .pio/build/heltec-v3/src/modules/TraceRouteModule.cpp.o
Compiling .pio/build/heltec-v3/src/modules/TrafficManagementModule.cpp.o
Compiling .pio/build/heltec-v3/src/modules/WaypointModule.cpp.o
Compiling .pio/build/heltec-v3/src/modules/esp32/AudioModule.cpp.o
Compiling .pio/build/heltec-v3/src/modules/esp32/PaxcounterModule.cpp.o
Compiling .pio/build/heltec-v3/src/motion/BMA423Sensor.cpp.o
Compiling .pio/build/heltec-v3/src/motion/BMI270Sensor.cpp.o
Compiling .pio/build/heltec-v3/src/motion/BMM150Sensor.cpp.o
Compiling .pio/build/heltec-v3/src/motion/BMX160Sensor.cpp.o
Compiling .pio/build/heltec-v3/src/motion/ICM20948Sensor.cpp.o
Compiling .pio/build/heltec-v3/src/motion/LIS3DHSensor.cpp.o
Compiling .pio/build/heltec-v3/src/motion/LSM6DS3Sensor.cpp.o
Compiling .pio/build/heltec-v3/src/motion/MPU6050Sensor.cpp.o
Compiling .pio/build/heltec-v3/src/motion/MotionSensor.cpp.o
Compiling .pio/build/heltec-v3/src/motion/QMA6100PSensor.cpp.o
Compiling .pio/build/heltec-v3/src/motion/STK8XXXSensor.cpp.o
Compiling .pio/build/heltec-v3/src/mqtt/MQTT.cpp.o
Compiling .pio/build/heltec-v3/src/mqtt/ServiceEnvelope.cpp.o
Compiling .pio/build/heltec-v3/src/network-stubs.cpp.o
Compiling .pio/build/heltec-v3/src/nimble/NimbleBluetooth.cpp.o
Compiling .pio/build/heltec-v3/src/platform/esp32/ESP32CryptoEngine.cpp.o
Compiling .pio/build/heltec-v3/src/platform/esp32/MeshtasticOTA.cpp.o
Compiling .pio/build/heltec-v3/src/platform/esp32/SimpleAllocator.cpp.o
Compiling .pio/build/heltec-v3/src/platform/esp32/iram-quirk.c.o
Compiling .pio/build/heltec-v3/src/platform/esp32/main-esp32.cpp.o
Compiling .pio/build/heltec-v3/src/platform/extra_variants/heltec_wireless_tracker/variant.cpp.o
Compiling .pio/build/heltec-v3/src/platform/extra_variants/m5stack_cardputer_adv/variant.cpp.o
Compiling .pio/build/heltec-v3/src/platform/extra_variants/t5s3_epaper/variant.cpp.o
Compiling .pio/build/heltec-v3/src/platform/extra_variants/t_deck_pro/variant.cpp.o
Compiling .pio/build/heltec-v3/src/platform/extra_variants/t_lora_pager/variant.cpp.o
Compiling .pio/build/heltec-v3/src/platform/extra_variants/tbeam_displayshield/variant.cpp.o
Compiling .pio/build/heltec-v3/src/power/PowerHAL.cpp.o
Compiling .pio/build/heltec-v3/src/serialization/JSON.cpp.o
Compiling .pio/build/heltec-v3/src/serialization/JSONValue.cpp.o
Compiling .pio/build/heltec-v3/src/serialization/MeshPacketSerializer.cpp.o
Compiling .pio/build/heltec-v3/src/serialization/MeshPacketSerializer_nRF52.cpp.o
Compiling .pio/build/heltec-v3/src/serialization/cobs.cpp.o
Compiling .pio/build/heltec-v3/src/sleep.cpp.o
Compiling .pio/build/heltec-v3/src/watchdog/watchdogThread.cpp.o
Compiling .pio/build/heltec-v3/src/xmodem.cpp.o
Building FS image from 'data' directory to .pio/build/heltec-v3/littlefs-heltec-v3-2.7.23.e214feb.bin
/static/.gitkeep
Linking .pio/build/heltec-v3/firmware-heltec-v3-2.7.23.e214feb.elf
.pio/libdeps/heltec-v3/Crypto/AESEsp32.cpp:33:5: warning: type of 'esp_aes_setkey' does not match original declaration [-Wlto-type-mismatch]
 int esp_aes_setkey(unsigned char *ctx, const unsigned char *key,
     ^
/Users/chemobookche/.platformio/packages/framework-arduinoespressif32/tools/sdk/esp32s3/include/mbedtls/mbedtls/include/mbedtls/aes.h:184:5: note: 'esp_aes_setkey' was previously declared here
 int mbedtls_aes_setkey_dec(mbedtls_aes_context *ctx, const unsigned char *key,
     ^
/Users/chemobookche/.platformio/packages/framework-arduinoespressif32/tools/sdk/esp32s3/include/mbedtls/mbedtls/include/mbedtls/aes.h:184:5: note: code may be misoptimized unless -fno-strict-aliasing is used
Retrieving maximum program size .pio/build/heltec-v3/firmware-heltec-v3-2.7.23.e214feb.elf
Checking size .pio/build/heltec-v3/firmware-heltec-v3-2.7.23.e214feb.elf
Advanced Memory Usage is available via "PlatformIO Home > Project Inspect"
RAM:   [====      ]  40.4% (used 132508 bytes from 327680 bytes)
Flash: [======    ]  63.1% (used 2108745 bytes from 3342336 bytes)
Building .pio/build/heltec-v3/firmware-heltec-v3-2.7.23.e214feb.bin
esptool.py v4.11.0
Creating esp32s3 image...
Merged 3 ELF sections
Successfully created esp32s3 image.
esp32_create_combined_bin([".pio/build/heltec-v3/firmware-heltec-v3-2.7.23.e214feb.bin"], [".pio/build/heltec-v3/firmware-heltec-v3-2.7.23.e214feb.elf"])
Generating combined binary for serial flashing
    Offset | File
 -  0x0000 | /Users/chemobookche/Мой диск/github/meshtastic-pager-mode/.pio/build/heltec-v3/bootloader.bin
 -  0x8000 | /Users/chemobookche/Мой диск/github/meshtastic-pager-mode/.pio/build/heltec-v3/partitions.bin
 -  0xe000 | /Users/chemobookche/.platformio/packages/framework-arduinoespressif32/tools/partitions/boot_app0.bin
 - 0x10000 | /Users/chemobookche/Мой диск/github/meshtastic-pager-mode/.pio/build/heltec-v3/firmware-heltec-v3-2.7.23.e214feb.bin
Using esptool.py arguments: --chip esp32s3 merge_bin -o /Users/chemobookche/Мой диск/github/meshtastic-pager-mode/.pio/build/heltec-v3/firmware-heltec-v3-2.7.23.e214feb.factory.bin --flash_mode dio --flash_freq 80m --flash_size 8MB 0x0000 /Users/chemobookche/Мой диск/github/meshtastic-pager-mode/.pio/build/heltec-v3/bootloader.bin 0x8000 /Users/chemobookche/Мой диск/github/meshtastic-pager-mode/.pio/build/heltec-v3/partitions.bin 0xe000 /Users/chemobookche/.platformio/packages/framework-arduinoespressif32/tools/partitions/boot_app0.bin 0x10000 /Users/chemobookche/Мой диск/github/meshtastic-pager-mode/.pio/build/heltec-v3/firmware-heltec-v3-2.7.23.e214feb.bin
esptool.py v4.11.0
SHA digest in image updated
Wrote 0x212ef0 bytes to file /Users/chemobookche/Мой диск/github/meshtastic-pager-mode/.pio/build/heltec-v3/firmware-heltec-v3-2.7.23.e214feb.factory.bin, ready to flash to offset 0x0
mtjson_esp32_part(["mtjson"], ["buildprog", ".pio/build/heltec-v3/littlefs-heltec-v3-2.7.23.e214feb.bin"])
manifest_gather(["mtjson"], ["buildprog", ".pio/build/heltec-v3/littlefs-heltec-v3-2.7.23.e214feb.bin"])
{'name': 'firmware-heltec-v3-2.7.23.e214feb.elf', 'md5': '139cd26d5819389ea504e1f0e355481b', 'bytes': 22353944}
{'name': 'firmware-heltec-v3-2.7.23.e214feb.bin', 'md5': '9bcc2d2d8634ffd3d61f76db34df2a65', 'bytes': 2109168, 'part_name': 'app0'}
{'name': 'firmware-heltec-v3-2.7.23.e214feb.factory.bin', 'md5': '023f3dec647280bc13a4cb1e14828e29', 'bytes': 2174704}
{'name': 'littlefs-heltec-v3-2.7.23.e214feb.bin', 'md5': '4a5fe1a919401faff0d6c9bfc615aca4', 'bytes': 1572864, 'part_name': 'spiffs'}
======================== [SUCCESS] Took 232.34 seconds ========================

Environment    Status    Duration
-------------  --------  ------------
heltec-v3      SUCCESS   00:03:52.335
========================= 1 succeeded in 00:03:52.335 =========================
